2021-10-12 09:51:00.340  INFO 7204 --- [main] t.e.s.services.EmployeServiceImplTest    : Starting EmployeServiceImplTest on KhalilM with PID 7204 (started by khalil in C:\Users\khalil\Desktop\Poste\workspaces\intellij\TimesheetProject)
2021-10-12 09:51:00.344  INFO 7204 --- [main] t.e.s.services.EmployeServiceImplTest    : No active profile set, falling back to default profiles: default
2021-10-12 09:51:00.892  INFO 7204 --- [main] .s.d.r.c.RepositoryConfigurationDelegate : Bootstrapping Spring Data repositories in DEFAULT mode.
2021-10-12 09:51:00.968  INFO 7204 --- [main] .s.d.r.c.RepositoryConfigurationDelegate : Finished Spring Data repository scanning in 67ms. Found 6 repository interfaces.
2021-10-12 09:51:01.283  INFO 7204 --- [main] trationDelegate$BeanPostProcessorChecker : Bean 'org.springframework.transaction.annotation.ProxyTransactionManagementConfiguration' of type [org.springframework.transaction.annotation.ProxyTransactionManagementConfiguration$$EnhancerBySpringCGLIB$$d63d485c] is not eligible for getting processed by all BeanPostProcessors (for example: not eligible for auto-proxying)
2021-10-12 09:51:01.467  INFO 7204 --- [main] com.zaxxer.hikari.HikariDataSource       : HikariPool-1 - Starting...
2021-10-12 09:51:01.608  INFO 7204 --- [main] com.zaxxer.hikari.HikariDataSource       : HikariPool-1 - Start completed.
2021-10-12 09:51:01.670  INFO 7204 --- [main] o.hibernate.jpa.internal.util.LogHelper  : HHH000204: Processing PersistenceUnitInfo [
	name: default
	...]
2021-10-12 09:51:01.737  INFO 7204 --- [main] org.hibernate.Version                    : HHH000412: Hibernate Core {5.3.9.Final}
2021-10-12 09:51:01.738  INFO 7204 --- [main] org.hibernate.cfg.Environment            : HHH000206: hibernate.properties not found
2021-10-12 09:51:01.891  INFO 7204 --- [main] o.hibernate.annotations.common.Version   : HCANN000001: Hibernate Commons Annotations {5.0.4.Final}
2021-10-12 09:51:02.071  INFO 7204 --- [main] org.hibernate.dialect.Dialect            : HHH000400: Using dialect: org.hibernate.dialect.MySQL5Dialect
2021-10-12 09:51:02.920  INFO 7204 --- [main] j.LocalContainerEntityManagerFactoryBean : Initialized JPA EntityManagerFactory for persistence unit 'default'
2021-10-12 09:51:03.182  INFO 7204 --- [main] o.h.h.i.QueryTranslatorFactoryInitiator  : HHH000397: Using ASTQueryTranslatorFactory
2021-10-12 09:51:03.866  INFO 7204 --- [main] o.s.s.concurrent.ThreadPoolTaskExecutor  : Initializing ExecutorService 'applicationTaskExecutor'
2021-10-12 09:51:03.911  WARN 7204 --- [main] aWebConfiguration$JpaWebMvcConfiguration : spring.jpa.open-in-view is enabled by default. Therefore, database queries may be performed during view rendering. Explicitly configure spring.jpa.open-in-view to disable this warning
2021-10-12 09:51:04.184  INFO 7204 --- [main] t.e.s.services.EmployeServiceImplTest    : Started EmployeServiceImplTest in 4.085 seconds (JVM running for 4.703)
2021-10-12 09:51:04.469  INFO 7204 --- [Thread-1] o.s.s.concurrent.ThreadPoolTaskExecutor  : Shutting down ExecutorService 'applicationTaskExecutor'
2021-10-12 09:51:04.470  INFO 7204 --- [Thread-1] j.LocalContainerEntityManagerFactoryBean : Closing JPA EntityManagerFactory for persistence unit 'default'
2021-10-12 09:51:04.471  INFO 7204 --- [Thread-1] com.zaxxer.hikari.HikariDataSource       : HikariPool-1 - Shutdown initiated...
2021-10-12 09:51:04.474  INFO 7204 --- [Thread-1] com.zaxxer.hikari.HikariDataSource       : HikariPool-1 - Shutdown completed.
2021-10-12 10:10:58.424  INFO 9976 --- [main] t.e.s.services.EmployeServiceImplTest    : Starting EmployeServiceImplTest on KhalilM with PID 9976 (started by khalil in C:\Users\khalil\Desktop\Poste\workspaces\intellij\TimesheetProject)
2021-10-12 10:10:58.425  INFO 9976 --- [main] t.e.s.services.EmployeServiceImplTest    : No active profile set, falling back to default profiles: default
2021-10-12 10:10:59.019  INFO 9976 --- [main] .s.d.r.c.RepositoryConfigurationDelegate : Bootstrapping Spring Data repositories in DEFAULT mode.
2021-10-12 10:10:59.098  INFO 9976 --- [main] .s.d.r.c.RepositoryConfigurationDelegate : Finished Spring Data repository scanning in 72ms. Found 6 repository interfaces.
2021-10-12 10:10:59.420  INFO 9976 --- [main] trationDelegate$BeanPostProcessorChecker : Bean 'org.springframework.transaction.annotation.ProxyTransactionManagementConfiguration' of type [org.springframework.transaction.annotation.ProxyTransactionManagementConfiguration$$EnhancerBySpringCGLIB$$5156c3b2] is not eligible for getting processed by all BeanPostProcessors (for example: not eligible for auto-proxying)
2021-10-12 10:10:59.599  INFO 9976 --- [main] com.zaxxer.hikari.HikariDataSource       : HikariPool-1 - Starting...
2021-10-12 10:10:59.733  INFO 9976 --- [main] com.zaxxer.hikari.HikariDataSource       : HikariPool-1 - Start completed.
2021-10-12 10:10:59.792  INFO 9976 --- [main] o.hibernate.jpa.internal.util.LogHelper  : HHH000204: Processing PersistenceUnitInfo [
	name: default
	...]
2021-10-12 10:10:59.845  INFO 9976 --- [main] org.hibernate.Version                    : HHH000412: Hibernate Core {5.3.9.Final}
2021-10-12 10:10:59.846  INFO 9976 --- [main] org.hibernate.cfg.Environment            : HHH000206: hibernate.properties not found
2021-10-12 10:10:59.976  INFO 9976 --- [main] o.hibernate.annotations.common.Version   : HCANN000001: Hibernate Commons Annotations {5.0.4.Final}
2021-10-12 10:11:00.164  INFO 9976 --- [main] org.hibernate.dialect.Dialect            : HHH000400: Using dialect: org.hibernate.dialect.MySQL5Dialect
2021-10-12 10:11:00.942  INFO 9976 --- [main] j.LocalContainerEntityManagerFactoryBean : Initialized JPA EntityManagerFactory for persistence unit 'default'
2021-10-12 10:11:01.201  INFO 9976 --- [main] o.h.h.i.QueryTranslatorFactoryInitiator  : HHH000397: Using ASTQueryTranslatorFactory
2021-10-12 10:11:01.893  INFO 9976 --- [main] o.s.s.concurrent.ThreadPoolTaskExecutor  : Initializing ExecutorService 'applicationTaskExecutor'
2021-10-12 10:11:01.937  WARN 9976 --- [main] aWebConfiguration$JpaWebMvcConfiguration : spring.jpa.open-in-view is enabled by default. Therefore, database queries may be performed during view rendering. Explicitly configure spring.jpa.open-in-view to disable this warning
2021-10-12 10:11:02.245  INFO 9976 --- [main] t.e.s.services.EmployeServiceImplTest    : Started EmployeServiceImplTest in 4.059 seconds (JVM running for 4.78)
2021-10-12 10:11:02.347  INFO 9976 --- [main] t.e.spring.services.EmployeServiceImpl   : debut getEmployePrenomByIdTest
2021-10-12 10:11:02.446  INFO 9976 --- [main] t.e.spring.services.EmployeServiceImpl   : fin getEmployePrenomByIdTest
2021-10-12 10:11:02.449  INFO 9976 --- [main] t.e.spring.services.EmployeServiceImpl   : debut deleteEmployeByIdTest
2021-10-12 10:11:02.492  INFO 9976 --- [main] t.e.spring.services.EmployeServiceImpl   : fin deleteEmployeByIdTest
2021-10-12 10:11:02.495  INFO 9976 --- [main] t.e.spring.services.EmployeServiceImpl   : debut ajouterEmployeTest
2021-10-12 10:11:02.516  INFO 9976 --- [main] t.e.spring.services.EmployeServiceImpl   : fin ajouterEmployeTest
2021-10-12 10:11:02.537  INFO 9976 --- [Thread-1] o.s.s.concurrent.ThreadPoolTaskExecutor  : Shutting down ExecutorService 'applicationTaskExecutor'
2021-10-12 10:11:02.540  INFO 9976 --- [Thread-1] j.LocalContainerEntityManagerFactoryBean : Closing JPA EntityManagerFactory for persistence unit 'default'
2021-10-12 10:11:02.542  INFO 9976 --- [Thread-1] com.zaxxer.hikari.HikariDataSource       : HikariPool-1 - Shutdown initiated...
2021-10-12 10:11:02.546  INFO 9976 --- [Thread-1] com.zaxxer.hikari.HikariDataSource       : HikariPool-1 - Shutdown completed.
2021-10-12 10:12:10.555  INFO 13984 --- [main] t.e.s.services.EmployeServiceImplTest    : Starting EmployeServiceImplTest on KhalilM with PID 13984 (started by khalil in C:\Users\khalil\Desktop\Poste\workspaces\intellij\TimesheetProject)
2021-10-12 10:12:10.557  INFO 13984 --- [main] t.e.s.services.EmployeServiceImplTest    : No active profile set, falling back to default profiles: default
2021-10-12 10:12:11.118  INFO 13984 --- [main] .s.d.r.c.RepositoryConfigurationDelegate : Bootstrapping Spring Data repositories in DEFAULT mode.
2021-10-12 10:12:11.190  INFO 13984 --- [main] .s.d.r.c.RepositoryConfigurationDelegate : Finished Spring Data repository scanning in 64ms. Found 6 repository interfaces.
2021-10-12 10:12:11.518  INFO 13984 --- [main] trationDelegate$BeanPostProcessorChecker : Bean 'org.springframework.transaction.annotation.ProxyTransactionManagementConfiguration' of type [org.springframework.transaction.annotation.ProxyTransactionManagementConfiguration$$EnhancerBySpringCGLIB$$b3d8676a] is not eligible for getting processed by all BeanPostProcessors (for example: not eligible for auto-proxying)
2021-10-12 10:12:11.696  INFO 13984 --- [main] com.zaxxer.hikari.HikariDataSource       : HikariPool-1 - Starting...
2021-10-12 10:12:11.818  INFO 13984 --- [main] com.zaxxer.hikari.HikariDataSource       : HikariPool-1 - Start completed.
2021-10-12 10:12:11.875  INFO 13984 --- [main] o.hibernate.jpa.internal.util.LogHelper  : HHH000204: Processing PersistenceUnitInfo [
	name: default
	...]
2021-10-12 10:12:11.926  INFO 13984 --- [main] org.hibernate.Version                    : HHH000412: Hibernate Core {5.3.9.Final}
2021-10-12 10:12:11.927  INFO 13984 --- [main] org.hibernate.cfg.Environment            : HHH000206: hibernate.properties not found
2021-10-12 10:12:12.060  INFO 13984 --- [main] o.hibernate.annotations.common.Version   : HCANN000001: Hibernate Commons Annotations {5.0.4.Final}
2021-10-12 10:12:12.305  INFO 13984 --- [main] org.hibernate.dialect.Dialect            : HHH000400: Using dialect: org.hibernate.dialect.MySQL5Dialect
2021-10-12 10:12:13.087  INFO 13984 --- [main] j.LocalContainerEntityManagerFactoryBean : Initialized JPA EntityManagerFactory for persistence unit 'default'
2021-10-12 10:12:13.354  INFO 13984 --- [main] o.h.h.i.QueryTranslatorFactoryInitiator  : HHH000397: Using ASTQueryTranslatorFactory
2021-10-12 10:12:14.082  INFO 13984 --- [main] o.s.s.concurrent.ThreadPoolTaskExecutor  : Initializing ExecutorService 'applicationTaskExecutor'
2021-10-12 10:12:14.126  WARN 13984 --- [main] aWebConfiguration$JpaWebMvcConfiguration : spring.jpa.open-in-view is enabled by default. Therefore, database queries may be performed during view rendering. Explicitly configure spring.jpa.open-in-view to disable this warning
2021-10-12 10:12:14.413  INFO 13984 --- [main] t.e.s.services.EmployeServiceImplTest    : Started EmployeServiceImplTest in 4.09 seconds (JVM running for 4.753)
2021-10-12 10:12:14.525  INFO 13984 --- [main] t.e.spring.services.EmployeServiceImpl   : debut getEmployePrenomByIdTest
2021-10-12 10:12:14.624  INFO 13984 --- [main] t.e.spring.services.EmployeServiceImpl   : fin getEmployePrenomByIdTest
2021-10-12 10:12:14.630  INFO 13984 --- [main] t.e.spring.services.EmployeServiceImpl   : debut deleteEmployeByIdTest
2021-10-12 10:12:14.673  INFO 13984 --- [main] t.e.spring.services.EmployeServiceImpl   : fin deleteEmployeByIdTest
2021-10-12 10:12:14.676  INFO 13984 --- [main] t.e.spring.services.EmployeServiceImpl   : debut ajouterEmployeTest
2021-10-12 10:12:14.693  INFO 13984 --- [main] t.e.spring.services.EmployeServiceImpl   : fin ajouterEmployeTest
2021-10-12 10:12:14.714  INFO 13984 --- [Thread-1] o.s.s.concurrent.ThreadPoolTaskExecutor  : Shutting down ExecutorService 'applicationTaskExecutor'
2021-10-12 10:12:14.721  INFO 13984 --- [Thread-1] j.LocalContainerEntityManagerFactoryBean : Closing JPA EntityManagerFactory for persistence unit 'default'
2021-10-12 10:12:14.723  INFO 13984 --- [Thread-1] com.zaxxer.hikari.HikariDataSource       : HikariPool-1 - Shutdown initiated...
2021-10-12 10:12:14.726  INFO 13984 --- [Thread-1] com.zaxxer.hikari.HikariDataSource       : HikariPool-1 - Shutdown completed.
